# JRE version: OpenJDK Runtime Environment (21.0.10) (build 21.0.10+-14961533-b1163.108)
# Java VM: OpenJDK 64-Bit Server VM (21.0.10+-14961533-b1163.108, mixed mode, tiered, compressed oops, compressed class ptrs, g1 gc, windows-amd64)
GC Precious Log:
 CardTable entry size: 512
 Card Set container configuration: InlinePtr #cards 4 size 8 Array Of Cards #cards 16 size 48 Howl #buckets 8 coarsen threshold 3686 Howl Bitmap #cards 512 size 80 coarsen threshold 460 Card regions per heap region 1 cards per card region 4096
 CPUs: 4 total, 4 available
 Memory: 8057M
 Large Page Support: Disabled
 NUMA Support: Disabled
 Compressed Oops: Enabled (Zero based)
 Heap Region Size: 2M
 Heap Min Capacity: 8M
 Heap Initial Capacity: 126M
 Heap Max Capacity: 4G
 Pre-touch: Disabled
 Parallel Workers: 4
 Concurrent Workers: 1
 Concurrent Refinement Workers: 4
 Periodic GC: Disabled
Heap:
 garbage-first heap   total 366592K, used 127906K [0x0000000700000000, 0x0000000800000000)
  region size 2048K, 6 young (12288K), 6 survivors (12288K)
 Metaspace       used 86156K, committed 87936K, reserved 1179648K
  class space    used 12204K, committed 13056K, reserved 1048576K
GC Heap History (20 events):
Event: 23.663 GC heap after
{Heap after GC invocations=48 (full 0):
 garbage-first heap   total 305152K, used 105023K [0x0000000700000000, 0x0000000800000000)
  region size 2048K, 4 young (8192K), 4 survivors (8192K)
 Metaspace       used 86064K, committed 87872K, reserved 1179648K
  class space    used 12203K, committed 13056K, reserved 1048576K
}
Event: 24.193 GC heap before
{Heap before GC invocations=48 (full 0):
 garbage-first heap   total 305152K, used 279103K [0x0000000700000000, 0x0000000800000000)
  region size 2048K, 89 young (182272K), 4 survivors (8192K)
 Metaspace       used 86089K, committed 87872K, reserved 1179648K
  class space    used 12204K, committed 13056K, reserved 1048576K
}
Event: 24.204 GC heap after
{Heap after GC invocations=49 (full 0):
 garbage-first heap   total 305152K, used 111270K [0x0000000700000000, 0x0000000800000000)
  region size 2048K, 7 young (14336K), 7 survivors (14336K)
 Metaspace       used 86089K, committed 87872K, reserved 1179648K
  class space    used 12204K, committed 13056K, reserved 1048576K
}
Event: 24.625 GC heap before
{Heap before GC invocations=49 (full 0):
 garbage-first heap   total 305152K, used 277158K [0x0000000700000000, 0x0000000800000000)
  region size 2048K, 89 young (182272K), 7 survivors (14336K)
 Metaspace       used 86112K, committed 87936K, reserved 1179648K
  class space    used 12204K, committed 13056K, reserved 1048576K
}
Event: 24.637 GC heap after
{Heap after GC invocations=50 (full 0):
 garbage-first heap   total 305152K, used 110100K [0x0000000700000000, 0x0000000800000000)
  region size 2048K, 6 young (12288K), 6 survivors (12288K)
 Metaspace       used 86112K, committed 87936K, reserved 1179648K
  class space    used 12204K, committed 13056K, reserved 1048576K
}
Event: 25.291 GC heap before
{Heap before GC invocations=51 (full 0):
 garbage-first heap   total 305152K, used 280084K [0x0000000700000000, 0x0000000800000000)
  region size 2048K, 89 young (182272K), 6 survivors (12288K)
 Metaspace       used 86113K, committed 87936K, reserved 1179648K
  class space    used 12204K, committed 13056K, reserved 1048576K
}
Event: 25.303 GC heap after
{Heap after GC invocations=52 (full 0):
 garbage-first heap   total 305152K, used 113115K [0x0000000700000000, 0x0000000800000000)
  region size 2048K, 8 young (16384K), 8 survivors (16384K)
 Metaspace       used 86113K, committed 87936K, reserved 1179648K
  class space    used 12204K, committed 13056K, reserved 1048576K
}
Event: 25.680 GC heap before
{Heap before GC invocations=52 (full 0):
 garbage-first heap   total 305152K, used 276955K [0x0000000700000000, 0x0000000800000000)
  region size 2048K, 89 young (182272K), 8 survivors (16384K)
 Metaspace       used 86132K, committed 87936K, reserved 1179648K
  class space    used 12204K, committed 13056K, reserved 1048576K
}
Event: 25.695 GC heap after
{Heap after GC invocations=53 (full 0):
 garbage-first heap   total 366592K, used 113727K [0x0000000700000000, 0x0000000800000000)
  region size 2048K, 8 young (16384K), 8 survivors (16384K)
 Metaspace       used 86132K, committed 87936K, reserved 1179648K
  class space    used 12204K, committed 13056K, reserved 1048576K
}
Event: 26.050 GC heap before
{Heap before GC invocations=53 (full 0):
 garbage-first heap   total 366592K, used 230463K [0x0000000700000000, 0x0000000800000000)
  region size 2048K, 66 young (135168K), 8 survivors (16384K)
 Metaspace       used 86136K, committed 87936K, reserved 1179648K
  class space    used 12204K, committed 13056K, reserved 1048576K
}
Event: 26.064 GC heap after
{Heap after GC invocations=54 (full 0):
 garbage-first heap   total 366592K, used 111075K [0x0000000700000000, 0x0000000800000000)
  region size 2048K, 7 young (14336K), 7 survivors (14336K)
 Metaspace       used 86136K, committed 87936K, reserved 1179648K
  class space    used 12204K, committed 13056K, reserved 1048576K
}
Event: 26.990 GC heap before
{Heap before GC invocations=55 (full 0):
 garbage-first heap   total 366592K, used 317923K [0x0000000700000000, 0x0000000800000000)
  region size 2048K, 107 young (219136K), 7 survivors (14336K)
 Metaspace       used 86148K, committed 87936K, reserved 1179648K
  class space    used 12204K, committed 13056K, reserved 1048576K
}
Event: 27.006 GC heap after
{Heap after GC invocations=56 (full 0):
 garbage-first heap   total 366592K, used 121315K [0x0000000700000000, 0x0000000800000000)
  region size 2048K, 11 young (22528K), 11 survivors (22528K)
 Metaspace       used 86148K, committed 87936K, reserved 1179648K
  class space    used 12204K, committed 13056K, reserved 1048576K
}
Event: 27.433 GC heap before
{Heap before GC invocations=56 (full 0):
 garbage-first heap   total 366592K, used 317923K [0x0000000700000000, 0x0000000800000000)
  region size 2048K, 108 young (221184K), 11 survivors (22528K)
 Metaspace       used 86152K, committed 87936K, reserved 1179648K
  class space    used 12204K, committed 13056K, reserved 1048576K
}
Event: 27.453 GC heap after
{Heap after GC invocations=57 (full 0):
 garbage-first heap   total 366592K, used 120832K [0x0000000700000000, 0x0000000800000000)
  region size 2048K, 7 young (14336K), 7 survivors (14336K)
 Metaspace       used 86152K, committed 87936K, reserved 1179648K
  class space    used 12204K, committed 13056K, reserved 1048576K
}
Event: 27.839 GC heap before
{Heap before GC invocations=57 (full 0):
 garbage-first heap   total 366592K, used 323584K [0x0000000700000000, 0x0000000800000000)
  region size 2048K, 107 young (219136K), 7 survivors (14336K)
 Metaspace       used 86154K, committed 87936K, reserved 1179648K
  class space    used 12204K, committed 13056K, reserved 1048576K
}
Event: 27.851 GC heap after
{Heap after GC invocations=58 (full 0):
 garbage-first heap   total 366592K, used 120832K [0x0000000700000000, 0x0000000800000000)
  region size 2048K, 7 young (14336K), 7 survivors (14336K)
 Metaspace       used 86154K, committed 87936K, reserved 1179648K
  class space    used 12204K, committed 13056K, reserved 1048576K
}
Event: 28.470 GC heap before
{Heap before GC invocations=59 (full 0):
 garbage-first heap   total 366592K, used 325632K [0x0000000700000000, 0x0000000800000000)
  region size 2048K, 107 young (219136K), 7 survivors (14336K)
 Metaspace       used 86156K, committed 87936K, reserved 1179648K
  class space    used 12204K, committed 13056K, reserved 1048576K
}
Event: 28.486 GC heap after
{Heap after GC invocations=60 (full 0):
 garbage-first heap   total 366592K, used 126208K [0x0000000700000000, 0x0000000800000000)
  region size 2048K, 10 young (20480K), 10 survivors (20480K)
 Metaspace       used 86156K, committed 87936K, reserved 1179648K
  class space    used 12204K, committed 13056K, reserved 1048576K
}
Event: 28.847 GC heap before
{Heap before GC invocations=60 (full 0):
 garbage-first heap   total 366592K, used 324864K [0x0000000700000000, 0x0000000800000000)
  region size 2048K, 107 young (219136K), 10 survivors (20480K)
 Metaspace       used 86156K, committed 87936K, reserved 1179648K
  class space    used 12204K, committed 13056K, reserved 1048576K
}

