# JRE version: OpenJDK Runtime Environment (21.0.10) (build 21.0.10+-14961533-b1163.108)
# Java VM: OpenJDK 64-Bit Server VM (21.0.10+-14961533-b1163.108, mixed mode, tiered, compressed oops, compressed class ptrs, g1 gc, windows-amd64)
GC Precious Log:
 CardTable entry size: 512
 Card Set container configuration: InlinePtr #cards 4 size 8 Array Of Cards #cards 16 size 48 Howl #buckets 8 coarsen threshold 3686 Howl Bitmap #cards 512 size 80 coarsen threshold 460 Card regions per heap region 1 cards per card region 4096
 CPUs: 4 total, 4 available
 Memory: 8057M
 Large Page Support: Disabled
 NUMA Support: Disabled
 Compressed Oops: Enabled (Zero based)
 Heap Region Size: 2M
 Heap Min Capacity: 8M
 Heap Initial Capacity: 126M
 Heap Max Capacity: 4G
 Pre-touch: Disabled
 Parallel Workers: 4
 Concurrent Workers: 1
 Concurrent Refinement Workers: 4
 Periodic GC: Disabled
Heap:
 garbage-first heap   total 319488K, used 188608K [0x0000000700000000, 0x0000000800000000)
  region size 2048K, 39 young (79872K), 3 survivors (6144K)
 Metaspace       used 126251K, committed 127936K, reserved 1179648K
  class space    used 15350K, committed 16192K, reserved 1048576K
GC Heap History (20 events):
Event: 46.807 GC heap before
{Heap before GC invocations=70 (full 0):
 garbage-first heap   total 319488K, used 253610K [0x0000000700000000, 0x0000000800000000)
  region size 2048K, 93 young (190464K), 5 survivors (10240K)
 Metaspace       used 59975K, committed 61184K, reserved 1114112K
  class space    used 7931K, committed 8512K, reserved 1048576K
}
Event: 46.815 GC heap after
{Heap after GC invocations=71 (full 0):
 garbage-first heap   total 319488K, used 73122K [0x0000000700000000, 0x0000000800000000)
  region size 2048K, 5 young (10240K), 5 survivors (10240K)
 Metaspace       used 59975K, committed 61184K, reserved 1114112K
  class space    used 7931K, committed 8512K, reserved 1048576K
}
Event: 48.825 GC heap before
{Heap before GC invocations=71 (full 0):
 garbage-first heap   total 319488K, used 253346K [0x0000000700000000, 0x0000000800000000)
  region size 2048K, 93 young (190464K), 5 survivors (10240K)
 Metaspace       used 67125K, committed 68416K, reserved 1114112K
  class space    used 8810K, committed 9408K, reserved 1048576K
}
Event: 48.835 GC heap after
{Heap after GC invocations=72 (full 0):
 garbage-first heap   total 319488K, used 75434K [0x0000000700000000, 0x0000000800000000)
  region size 2048K, 6 young (12288K), 6 survivors (12288K)
 Metaspace       used 67125K, committed 68416K, reserved 1114112K
  class space    used 8810K, committed 9408K, reserved 1048576K
}
Event: 53.753 GC heap before
{Heap before GC invocations=72 (full 0):
 garbage-first heap   total 319488K, used 253610K [0x0000000700000000, 0x0000000800000000)
  region size 2048K, 93 young (190464K), 6 survivors (12288K)
 Metaspace       used 85321K, committed 86720K, reserved 1179648K
  class space    used 11270K, committed 11968K, reserved 1048576K
}
Event: 53.796 GC heap after
{Heap after GC invocations=73 (full 0):
 garbage-first heap   total 319488K, used 99301K [0x0000000700000000, 0x0000000800000000)
  region size 2048K, 12 young (24576K), 12 survivors (24576K)
 Metaspace       used 85321K, committed 86720K, reserved 1179648K
  class space    used 11270K, committed 11968K, reserved 1048576K
}
Event: 62.495 GC heap before
{Heap before GC invocations=73 (full 0):
 garbage-first heap   total 319488K, used 265189K [0x0000000700000000, 0x0000000800000000)
  region size 2048K, 93 young (190464K), 12 survivors (24576K)
 Metaspace       used 99520K, committed 101248K, reserved 1179648K
  class space    used 12865K, committed 13696K, reserved 1048576K
}
Event: 62.573 GC heap after
{Heap after GC invocations=74 (full 0):
 garbage-first heap   total 319488K, used 115502K [0x0000000700000000, 0x0000000800000000)
  region size 2048K, 7 young (14336K), 7 survivors (14336K)
 Metaspace       used 99520K, committed 101248K, reserved 1179648K
  class space    used 12865K, committed 13696K, reserved 1048576K
}
Event: 63.808 GC heap before
{Heap before GC invocations=74 (full 0):
 garbage-first heap   total 319488K, used 123694K [0x0000000700000000, 0x0000000800000000)
  region size 2048K, 12 young (24576K), 7 survivors (14336K)
 Metaspace       used 100060K, committed 101760K, reserved 1179648K
  class space    used 12914K, committed 13760K, reserved 1048576K
}
Event: 63.831 GC heap after
{Heap after GC invocations=75 (full 0):
 garbage-first heap   total 319488K, used 117796K [0x0000000700000000, 0x0000000800000000)
  region size 2048K, 2 young (4096K), 2 survivors (4096K)
 Metaspace       used 100060K, committed 101760K, reserved 1179648K
  class space    used 12914K, committed 13760K, reserved 1048576K
}
Event: 81.860 GC heap before
{Heap before GC invocations=76 (full 0):
 garbage-first heap   total 319488K, used 273444K [0x0000000700000000, 0x0000000800000000)
  region size 2048K, 82 young (167936K), 2 survivors (4096K)
 Metaspace       used 110903K, committed 112576K, reserved 1179648K
  class space    used 13850K, committed 14656K, reserved 1048576K
}
Event: 81.888 GC heap after
{Heap after GC invocations=77 (full 0):
 garbage-first heap   total 319488K, used 121998K [0x0000000700000000, 0x0000000800000000)
  region size 2048K, 8 young (16384K), 8 survivors (16384K)
 Metaspace       used 110903K, committed 112576K, reserved 1179648K
  class space    used 13850K, committed 14656K, reserved 1048576K
}
Event: 87.330 GC heap before
{Heap before GC invocations=77 (full 0):
 garbage-first heap   total 319488K, used 205966K [0x0000000700000000, 0x0000000800000000)
  region size 2048K, 50 young (102400K), 8 survivors (16384K)
 Metaspace       used 122540K, committed 124288K, reserved 1179648K
  class space    used 15075K, committed 15936K, reserved 1048576K
}
Event: 87.367 GC heap after
{Heap after GC invocations=78 (full 0):
 garbage-first heap   total 319488K, used 125534K [0x0000000700000000, 0x0000000800000000)
  region size 2048K, 2 young (4096K), 2 survivors (4096K)
 Metaspace       used 122540K, committed 124288K, reserved 1179648K
  class space    used 15075K, committed 15936K, reserved 1048576K
}
Event: 98.277 GC heap before
{Heap before GC invocations=79 (full 0):
 garbage-first heap   total 319488K, used 287326K [0x0000000700000000, 0x0000000800000000)
  region size 2048K, 79 young (161792K), 2 survivors (4096K)
 Metaspace       used 126208K, committed 127936K, reserved 1179648K
  class space    used 15345K, committed 16192K, reserved 1048576K
}
Event: 98.284 GC heap after
{Heap after GC invocations=80 (full 0):
 garbage-first heap   total 319488K, used 129630K [0x0000000700000000, 0x0000000800000000)
  region size 2048K, 2 young (4096K), 2 survivors (4096K)
 Metaspace       used 126208K, committed 127936K, reserved 1179648K
  class space    used 15345K, committed 16192K, reserved 1048576K
}
Event: 100.134 GC heap before
{Heap before GC invocations=80 (full 0):
 garbage-first heap   total 319488K, used 289374K [0x0000000700000000, 0x0000000800000000)
  region size 2048K, 80 young (163840K), 2 survivors (4096K)
 Metaspace       used 126212K, committed 127936K, reserved 1179648K
  class space    used 15345K, committed 16192K, reserved 1048576K
}
Event: 100.149 GC heap after
{Heap after GC invocations=81 (full 0):
 garbage-first heap   total 319488K, used 115962K [0x0000000700000000, 0x0000000800000000)
  region size 2048K, 3 young (6144K), 3 survivors (6144K)
 Metaspace       used 126212K, committed 127936K, reserved 1179648K
  class space    used 15345K, committed 16192K, reserved 1048576K
}
Event: 103.107 GC heap before
{Heap before GC invocations=81 (full 0):
 garbage-first heap   total 319488K, used 292090K [0x0000000700000000, 0x0000000800000000)
  region size 2048K, 89 young (182272K), 3 survivors (6144K)
 Metaspace       used 126251K, committed 127936K, reserved 1179648K
  class space    used 15350K, committed 16192K, reserved 1048576K
}
Event: 103.123 GC heap after
{Heap after GC invocations=82 (full 0):
 garbage-first heap   total 319488K, used 116928K [0x0000000700000000, 0x0000000800000000)
  region size 2048K, 3 young (6144K), 3 survivors (6144K)
 Metaspace       used 126251K, committed 127936K, reserved 1179648K
  class space    used 15350K, committed 16192K, reserved 1048576K
}

