# JRE version: OpenJDK Runtime Environment (21.0.10) (build 21.0.10+-14961533-b1163.108)
# Java VM: OpenJDK 64-Bit Server VM (21.0.10+-14961533-b1163.108, mixed mode, tiered, compressed oops, compressed class ptrs, g1 gc, windows-amd64)
GC Precious Log:
 CardTable entry size: 512
 Card Set container configuration: InlinePtr #cards 4 size 8 Array Of Cards #cards 16 size 48 Howl #buckets 8 coarsen threshold 3686 Howl Bitmap #cards 512 size 80 coarsen threshold 460 Card regions per heap region 1 cards per card region 4096
 CPUs: 4 total, 4 available
 Memory: 8057M
 Large Page Support: Disabled
 NUMA Support: Disabled
 Compressed Oops: Enabled (Zero based)
 Heap Region Size: 2M
 Heap Min Capacity: 8M
 Heap Initial Capacity: 126M
 Heap Max Capacity: 4G
 Pre-touch: Disabled
 Parallel Workers: 4
 Concurrent Workers: 1
 Concurrent Refinement Workers: 4
 Periodic GC: Disabled
Heap:
 garbage-first heap   total 307200K, used 171056K [0x0000000700000000, 0x0000000800000000)
  region size 2048K, 20 young (40960K), 2 survivors (4096K)
 Metaspace       used 160193K, committed 162432K, reserved 1245184K
  class space    used 20919K, committed 22016K, reserved 1048576K
GC Heap History (20 events):
Event: 142.098 GC heap before
{Heap before GC invocations=138 (full 0):
 garbage-first heap   total 292864K, used 267728K [0x0000000700000000, 0x0000000800000000)
  region size 2048K, 85 young (174080K), 2 survivors (4096K)
 Metaspace       used 150871K, committed 152960K, reserved 1245184K
  class space    used 19728K, committed 20800K, reserved 1048576K
}
Event: 142.106 GC heap after
{Heap after GC invocations=139 (full 0):
 garbage-first heap   total 292864K, used 96984K [0x0000000700000000, 0x0000000800000000)
  region size 2048K, 2 young (4096K), 2 survivors (4096K)
 Metaspace       used 150871K, committed 152960K, reserved 1245184K
  class space    used 19728K, committed 20800K, reserved 1048576K
}
Event: 143.539 GC heap before
{Heap before GC invocations=139 (full 0):
 garbage-first heap   total 292864K, used 266968K [0x0000000700000000, 0x0000000800000000)
  region size 2048K, 85 young (174080K), 2 survivors (4096K)
 Metaspace       used 150871K, committed 152960K, reserved 1245184K
  class space    used 19728K, committed 20800K, reserved 1048576K
}
Event: 143.543 GC heap after
{Heap after GC invocations=140 (full 0):
 garbage-first heap   total 292864K, used 97422K [0x0000000700000000, 0x0000000800000000)
  region size 2048K, 2 young (4096K), 2 survivors (4096K)
 Metaspace       used 150871K, committed 152960K, reserved 1245184K
  class space    used 19728K, committed 20800K, reserved 1048576K
}
Event: 145.437 GC heap before
{Heap before GC invocations=141 (full 0):
 garbage-first heap   total 292864K, used 267406K [0x0000000700000000, 0x0000000800000000)
  region size 2048K, 85 young (174080K), 2 survivors (4096K)
 Metaspace       used 150873K, committed 152960K, reserved 1245184K
  class space    used 19728K, committed 20800K, reserved 1048576K
}
Event: 145.441 GC heap after
{Heap after GC invocations=142 (full 0):
 garbage-first heap   total 292864K, used 97862K [0x0000000700000000, 0x0000000800000000)
  region size 2048K, 2 young (4096K), 2 survivors (4096K)
 Metaspace       used 150873K, committed 152960K, reserved 1245184K
  class space    used 19728K, committed 20800K, reserved 1048576K
}
Event: 146.541 GC heap before
{Heap before GC invocations=142 (full 0):
 garbage-first heap   total 292864K, used 267846K [0x0000000700000000, 0x0000000800000000)
  region size 2048K, 85 young (174080K), 2 survivors (4096K)
 Metaspace       used 150873K, committed 152960K, reserved 1245184K
  class space    used 19728K, committed 20800K, reserved 1048576K
}
Event: 146.546 GC heap after
{Heap after GC invocations=143 (full 0):
 garbage-first heap   total 292864K, used 95613K [0x0000000700000000, 0x0000000800000000)
  region size 2048K, 1 young (2048K), 1 survivors (2048K)
 Metaspace       used 150873K, committed 152960K, reserved 1245184K
  class space    used 19728K, committed 20800K, reserved 1048576K
}
Event: 147.983 GC heap before
{Heap before GC invocations=143 (full 0):
 garbage-first heap   total 292864K, used 267645K [0x0000000700000000, 0x0000000800000000)
  region size 2048K, 85 young (174080K), 1 survivors (2048K)
 Metaspace       used 150873K, committed 152960K, reserved 1245184K
  class space    used 19728K, committed 20800K, reserved 1048576K
}
Event: 147.989 GC heap after
{Heap after GC invocations=144 (full 0):
 garbage-first heap   total 292864K, used 97812K [0x0000000700000000, 0x0000000800000000)
  region size 2048K, 2 young (4096K), 2 survivors (4096K)
 Metaspace       used 150873K, committed 152960K, reserved 1245184K
  class space    used 19728K, committed 20800K, reserved 1048576K
}
Event: 149.733 GC heap before
{Heap before GC invocations=145 (full 0):
 garbage-first heap   total 292864K, used 267796K [0x0000000700000000, 0x0000000800000000)
  region size 2048K, 85 young (174080K), 2 survivors (4096K)
 Metaspace       used 150873K, committed 152960K, reserved 1245184K
  class space    used 19728K, committed 20800K, reserved 1048576K
}
Event: 149.740 GC heap after
{Heap after GC invocations=146 (full 0):
 garbage-first heap   total 292864K, used 100190K [0x0000000700000000, 0x0000000800000000)
  region size 2048K, 4 young (8192K), 4 survivors (8192K)
 Metaspace       used 150873K, committed 152960K, reserved 1245184K
  class space    used 19728K, committed 20800K, reserved 1048576K
}
Event: 152.895 GC heap before
{Heap before GC invocations=146 (full 0):
 garbage-first heap   total 292864K, used 266078K [0x0000000700000000, 0x0000000800000000)
  region size 2048K, 85 young (174080K), 4 survivors (8192K)
 Metaspace       used 151132K, committed 153280K, reserved 1245184K
  class space    used 19742K, committed 20800K, reserved 1048576K
}
Event: 152.914 GC heap after
{Heap after GC invocations=147 (full 0):
 garbage-first heap   total 292864K, used 109829K [0x0000000700000000, 0x0000000800000000)
  region size 2048K, 8 young (16384K), 8 survivors (16384K)
 Metaspace       used 151132K, committed 153280K, reserved 1245184K
  class space    used 19742K, committed 20800K, reserved 1048576K
}
Event: 164.766 GC heap before
{Heap before GC invocations=147 (full 0):
 garbage-first heap   total 292864K, used 265477K [0x0000000700000000, 0x0000000800000000)
  region size 2048K, 85 young (174080K), 8 survivors (16384K)
 Metaspace       used 158529K, committed 160704K, reserved 1245184K
  class space    used 20741K, committed 21824K, reserved 1048576K
}
Event: 164.785 GC heap after
{Heap after GC invocations=148 (full 0):
 garbage-first heap   total 292864K, used 102243K [0x0000000700000000, 0x0000000800000000)
  region size 2048K, 3 young (6144K), 3 survivors (6144K)
 Metaspace       used 158529K, committed 160704K, reserved 1245184K
  class space    used 20741K, committed 21824K, reserved 1048576K
}
Event: 168.698 GC heap before
{Heap before GC invocations=149 (full 0):
 garbage-first heap   total 292864K, used 274275K [0x0000000700000000, 0x0000000800000000)
  region size 2048K, 85 young (174080K), 3 survivors (6144K)
 Metaspace       used 160125K, committed 162368K, reserved 1245184K
  class space    used 20917K, committed 22016K, reserved 1048576K
}
Event: 168.729 GC heap after
{Heap after GC invocations=150 (full 0):
 garbage-first heap   total 307200K, used 132457K [0x0000000700000000, 0x0000000800000000)
  region size 2048K, 11 young (22528K), 11 survivors (22528K)
 Metaspace       used 160125K, committed 162368K, reserved 1245184K
  class space    used 20917K, committed 22016K, reserved 1048576K
}
Event: 169.430 GC heap before
{Heap before GC invocations=150 (full 0):
 garbage-first heap   total 307200K, used 267625K [0x0000000700000000, 0x0000000800000000)
  region size 2048K, 78 young (159744K), 11 survivors (22528K)
 Metaspace       used 160191K, committed 162432K, reserved 1245184K
  class space    used 20919K, committed 22016K, reserved 1048576K
}
Event: 169.454 GC heap after
{Heap after GC invocations=151 (full 0):
 garbage-first heap   total 307200K, used 136240K [0x0000000700000000, 0x0000000800000000)
  region size 2048K, 2 young (4096K), 2 survivors (4096K)
 Metaspace       used 160191K, committed 162432K, reserved 1245184K
  class space    used 20919K, committed 22016K, reserved 1048576K
}

